LEM: log-linear and event history analysis with missing data.
Developed by Jeroen Vermunt (c), Tilburg University, The Netherlands.
Version 1.0 (September 18, 1997).


*** INPUT ***

  lat 1
man 2
con 1
dim 2 2 2
lab X A B x
mod X|x {X, cov(x, 1, X, c, -1)} 
                 A|X eq2
                 B|X eq2
rec 1241
des [0 1
                  1 0 2 0
                  1 0 2 0
      ]
dum 1 1 1
dat geometry.dat
ite 10000
see 659



*** STATISTICS ***

  Number of iterations = 394
  Converge criterion   = 0.0000009888
  Seed random values   = 659

  X-squared            = 3695.6232 (0.6041)
  L-squared            = 2966.1982 (1.0000)
  Cressie-Read         = 3149.8032 (1.0000)
  Dissimilarity index  = 0.3206
  Degrees of freedom   = 3719
  Log-likelihood       = -10323.57704
  Number of parameters = 4 (+1241)
  Sample size          = 1241.0
  BIC(L-squared)       = -23526.7409
  AIC(L-squared)       = -4471.8018
  BIC(log-likelihood)  = 20675.6488
  AIC(log-likelihood)  = 20655.1541

WARNING: no information is provided on identification of parameters



*** PSEUDO R-SQUARED MEASURES ***

* P(X|x) *
                         baseline   fitted   R-squared
  entropy                 0.6406    0.4386    0.3154
  qualitative variance    0.2242    0.1421    0.3663
  classification error    0.3394    0.2139    0.3699
  -2/N*log-likelihood     1.2813    0.8770    0.3155/0.2879
  likelihood^(-2/N)       3.6013    2.4037    0.3325/0.4604

* P(A|X) *
                         baseline   fitted   R-squared
  entropy                 0.6919    0.4833    0.3016
  qualitative variance    0.2494    0.1570    0.3703
  classification error    0.4754    0.2105    0.5572
  -2/N*log-likelihood     1.3839    0.9042    0.3466/0.3242
  likelihood^(-2/N)       3.9903    2.4700    0.3810/0.5084

* P(B|X) *
                         baseline   fitted   R-squared
  entropy                 0.6924    0.4833    0.3020
  qualitative variance    0.2496    0.1570    0.3709
  classification error    0.4803    0.2105    0.5617
  -2/N*log-likelihood     1.3847    1.0289    0.2570/0.2625
  likelihood^(-2/N)       3.9938    2.7979    0.2994/0.3995



*** LOG-LINEAR PARAMETERS ***

* TABLE Xx [or P(X|x)] *

  effect           beta   exp(beta)
  X 
   1             0.0000      1.0000 
   2             4.1457     63.1607 
  cov(x) [X 1]
   1            -1.0390      0.3538 



*** (CONDITIONAL) PROBABILITIES ***

* P(X|x) *

  1 | 1          0.0156
  1 | 2          0.0156
  1 | 3          0.0156
  1 | 4          0.0156
  1 | 5          0.0156
  1 | 6          0.0156
  1 | 7          0.0156
  1 | 8          0.0156
  1 | 9          0.0156
  1 | 10         0.0156
  1 | 11         0.0156
  1 | 12         0.0156
  1 | 13         0.0156
  1 | 14         0.0156
  1 | 15         0.0156
  1 | 16         0.0156
  1 | 17         0.0156
  1 | 18         0.0156
  1 | 19         0.0156
  1 | 20         0.0156
  1 | 21         0.0156
  1 | 22         0.0156
  1 | 23         0.0156
  1 | 24         0.0156
  1 | 25         0.0156
  1 | 26         0.0156
  1 | 27         0.0156
  1 | 28         0.0156
  1 | 29         0.0156
  1 | 30         0.0156
  1 | 31         0.0156
  1 | 32         0.0156
  1 | 33         0.0156
  1 | 34         0.0156
  1 | 35         0.0156
  1 | 36         0.0156
  1 | 37         0.0156
  1 | 38         0.0156
  1 | 39         0.0156
  1 | 40         0.0156
  1 | 41         0.0156
  1 | 42         0.0156
  1 | 43         0.0156
  1 | 44         0.0156
  1 | 45         0.0156
  1 | 46         0.0156
  1 | 47         0.0156
  1 | 48         0.0156
  1 | 49         0.0156
  1 | 50         0.0156
  1 | 51         0.0156
  1 | 52         0.0156
  1 | 53         0.0156
  1 | 54         0.0156
  1 | 55         0.0156
  1 | 56         0.0156
  1 | 57         0.0156
  1 | 58         0.0156
  1 | 59         0.0156
  1 | 60         0.0156
  1 | 61         0.0156
  1 | 62         0.0428
  1 | 63         0.0428
  1 | 64         0.0428
  1 | 65         0.0428
  1 | 66         0.0428
  1 | 67         0.0428
  1 | 68         0.0428
  1 | 69         0.0428
  1 | 70         0.0428
  1 | 71         0.0428
  1 | 72         0.0428
  1 | 73         0.0428
  1 | 74         0.0428
  1 | 75         0.0428
  1 | 76         0.0428
  1 | 77         0.0428
  1 | 78         0.0428
  1 | 79         0.0428
  1 | 80         0.0428
  1 | 81         0.0428
  1 | 82         0.0428
  1 | 83         0.0428
  1 | 84         0.0428
  1 | 85         0.0428
  1 | 86         0.0428
  1 | 87         0.0428
  1 | 88         0.0428
  1 | 89         0.0428
  1 | 90         0.0428
  1 | 91         0.0428
  1 | 92         0.0428
  1 | 93         0.0428
  1 | 94         0.0428
  1 | 95         0.0428
  1 | 96         0.0428
  1 | 97         0.0428
  1 | 98         0.0428
  1 | 99         0.0428
  1 | 100        0.0428
  1 | 101        0.0428
  1 | 102        0.0428
  1 | 103        0.0428
  1 | 104        0.0428
  1 | 105        0.0428
  1 | 106        0.0428
  1 | 107        0.0428
  1 | 108        0.0428
  1 | 109        0.0428
  1 | 110        0.0428
  1 | 111        0.0428
  1 | 112        0.0428
  1 | 113        0.0428
  1 | 114        0.0428
  1 | 115        0.0428
  1 | 116        0.0428
  1 | 117        0.0428
  1 | 118        0.0428
  1 | 119        0.0428
  1 | 120        0.0428
  1 | 121        0.0428
  1 | 122        0.0428
  1 | 123        0.0428
  1 | 124        0.0428
  1 | 125        0.0428
  1 | 126        0.0428
  1 | 127        0.0428
  1 | 128        0.0428
  1 | 129        0.0428
  1 | 130        0.0428
  1 | 131        0.0428
  1 | 132        0.0428
  1 | 133        0.0428
  1 | 134        0.0428
  1 | 135        0.0428
  1 | 136        0.0428
  1 | 137        0.0428
  1 | 138        0.0428
  1 | 139        0.0428
  1 | 140        0.0428
  1 | 141        0.0428
  1 | 142        0.0428
  1 | 143        0.0428
  1 | 144        0.0428
  1 | 145        0.0428
  1 | 146        0.0428
  1 | 147        0.0428
  1 | 148        0.0428
  1 | 149        0.0428
  1 | 150        0.0428
  1 | 151        0.0428
  1 | 152        0.0428
  1 | 153        0.0428
  1 | 154        0.1123
  1 | 155        0.1123
  1 | 156        0.1123
  1 | 157        0.1123
  1 | 158        0.1123
  1 | 159        0.1123
  1 | 160        0.1123
  1 | 161        0.1123
  1 | 162        0.1123
  1 | 163        0.1123
  1 | 164        0.1123
  1 | 165        0.1123
  1 | 166        0.1123
  1 | 167        0.1123
  1 | 168        0.1123
  1 | 169        0.1123
  1 | 170        0.1123
  1 | 171        0.1123
  1 | 172        0.1123
  1 | 173        0.1123
  1 | 174        0.1123
  1 | 175        0.1123
  1 | 176        0.1123
  1 | 177        0.1123
  1 | 178        0.1123
  1 | 179        0.1123
  1 | 180        0.1123
  1 | 181        0.1123
  1 | 182        0.1123
  1 | 183        0.1123
  1 | 184        0.1123
  1 | 185        0.1123
  1 | 186        0.1123
  1 | 187        0.1123
  1 | 188        0.1123
  1 | 189        0.1123
  1 | 190        0.1123
  1 | 191        0.1123
  1 | 192        0.1123
  1 | 193        0.1123
  1 | 194        0.1123
  1 | 195        0.1123
  1 | 196        0.1123
  1 | 197        0.1123
  1 | 198        0.1123
  1 | 199        0.1123
  1 | 200        0.1123
  1 | 201        0.1123
  1 | 202        0.1123
  1 | 203        0.1123
  1 | 204        0.1123
  1 | 205        0.1123
  1 | 206        0.1123
  1 | 207        0.1123
  1 | 208        0.1123
  1 | 209        0.1123
  1 | 210        0.1123
  1 | 211        0.1123
  1 | 212        0.1123
  1 | 213        0.1123
  1 | 214        0.1123
  1 | 215        0.1123
  1 | 216        0.1123
  1 | 217        0.1123
  1 | 218        0.1123
  1 | 219        0.1123
  1 | 220        0.1123
  1 | 221        0.1123
  1 | 222        0.1123
  1 | 223        0.1123
  1 | 224        0.1123
  1 | 225        0.1123
  1 | 226        0.1123
  1 | 227        0.1123
  1 | 228        0.1123
  1 | 229        0.1123
  1 | 230        0.1123
  1 | 231        0.1123
  1 | 232        0.1123
  1 | 233        0.1123
  1 | 234        0.1123
  1 | 235        0.1123
  1 | 236        0.1123
  1 | 237        0.1123
  1 | 238        0.1123
  1 | 239        0.1123
  1 | 240        0.1123
  1 | 241        0.1123
  1 | 242        0.1123
  1 | 243        0.1123
  1 | 244        0.1123
  1 | 245        0.1123
  1 | 246        0.1123
  1 | 247        0.1123
  1 | 248        0.1123
  1 | 249        0.1123
  1 | 250        0.1123
  1 | 251        0.1123
  1 | 252        0.1123
  1 | 253        0.1123
  1 | 254        0.1123
  1 | 255        0.1123
  1 | 256        0.1123
  1 | 257        0.1123
  1 | 258        0.1123
  1 | 259        0.1123
  1 | 260        0.1123
  1 | 261        0.2634
  1 | 262        0.2634
  1 | 263        0.2634
  1 | 264        0.2634
  1 | 265        0.2634
  1 | 266        0.2634
  1 | 267        0.2634
  1 | 268        0.2634
  1 | 269        0.2634
  1 | 270        0.2634
  1 | 271        0.2634
  1 | 272        0.2634
  1 | 273        0.2634
  1 | 274        0.2634
  1 | 275        0.2634
  1 | 276        0.2634
  1 | 277        0.2634
  1 | 278        0.2634
  1 | 279        0.2634
  1 | 280        0.2634
  1 | 281        0.2634
  1 | 282        0.2634
  1 | 283        0.2634
  1 | 284        0.2634
  1 | 285        0.2634
  1 | 286        0.2634
  1 | 287        0.2634
  1 | 288        0.2634
  1 | 289        0.2634
  1 | 290        0.2634
  1 | 291        0.2634
  1 | 292        0.2634
  1 | 293        0.2634
  1 | 294        0.2634
  1 | 295        0.2634
  1 | 296        0.2634
  1 | 297        0.2634
  1 | 298        0.2634
  1 | 299        0.2634
  1 | 300        0.2634
  1 | 301        0.2634
  1 | 302        0.2634
  1 | 303        0.2634
  1 | 304        0.2634
  1 | 305        0.2634
  1 | 306        0.2634
  1 | 307        0.2634
  1 | 308        0.2634
  1 | 309        0.2634
  1 | 310        0.2634
  1 | 311        0.2634
  1 | 312        0.2634
  1 | 313        0.2634
  1 | 314        0.2634
  1 | 315        0.2634
  1 | 316        0.2634
  1 | 317        0.2634
  1 | 318        0.2634
  1 | 319        0.2634
  1 | 320        0.2634
  1 | 321        0.2634
  1 | 322        0.2634
  1 | 323        0.2634
  1 | 324        0.2634
  1 | 325        0.2634
  1 | 326        0.2634
  1 | 327        0.2634
  1 | 328        0.2634
  1 | 329        0.2634
  1 | 330        0.2634
  1 | 331        0.2634
  1 | 332        0.2634
  1 | 333        0.2634
  1 | 334        0.2634
  1 | 335        0.2634
  1 | 336        0.5026
  1 | 337        0.5026
  1 | 338        0.5026
  1 | 339        0.5026
  1 | 340        0.5026
  1 | 341        0.5026
  1 | 342        0.5026
  1 | 343        0.5026
  1 | 344        0.5026
  1 | 345        0.5026
  1 | 346        0.5026
  1 | 347        0.5026
  1 | 348        0.5026
  1 | 349        0.5026
  1 | 350        0.5026
  1 | 351        0.5026
  1 | 352        0.5026
  1 | 353        0.5026
  1 | 354        0.5026
  1 | 355        0.5026
  1 | 356        0.5026
  1 | 357        0.5026
  1 | 358        0.5026
  1 | 359        0.5026
  1 | 360        0.5026
  1 | 361        0.5026
  1 | 362        0.5026
  1 | 363        0.5026
  1 | 364        0.5026
  1 | 365        0.5026
  1 | 366        0.5026
  1 | 367        0.5026
  1 | 368        0.5026
  1 | 369        0.5026
  1 | 370        0.5026
  1 | 371        0.5026
  1 | 372        0.5026
  1 | 373        0.5026
  1 | 374        0.5026
  1 | 375        0.5026
  1 | 376        0.5026
  1 | 377        0.5026
  1 | 378        0.5026
  1 | 379        0.5026
  1 | 380        0.5026
  1 | 381        0.5026
  1 | 382        0.5026
  1 | 383        0.5026
  1 | 384        0.5026
  1 | 385        0.5026
  1 | 386        0.5026
  1 | 387        0.5026
  1 | 388        0.5026
  1 | 389        0.5026
  1 | 390        0.5026
  1 | 391        0.5026
  1 | 392        0.7407
  1 | 393        0.7407
  1 | 394        0.7407
  1 | 395        0.7407
  1 | 396        0.7407
  1 | 397        0.7407
  1 | 398        0.7407
  1 | 399        0.7407
  1 | 400        0.7407
  1 | 401        0.7407
  1 | 402        0.7407
  1 | 403        0.7407
  1 | 404        0.7407
  1 | 405        0.7407
  1 | 406        0.7407
  1 | 407        0.7407
  1 | 408        0.7407
  1 | 409        0.7407
  1 | 410        0.7407
  1 | 411        0.7407
  1 | 412        0.7407
  1 | 413        0.7407
  1 | 414        0.7407
  1 | 415        0.7407
  1 | 416        0.7407
  1 | 417        0.7407
  1 | 418        0.7407
  1 | 419        0.7407
  1 | 420        0.8898
  1 | 421        0.8898
  1 | 422        0.8898
  1 | 423        0.8898
  1 | 424        0.8898
  1 | 425        0.0156
  1 | 426        0.0156
  1 | 427        0.0156
  1 | 428        0.0156
  1 | 429        0.0156
  1 | 430        0.0156
  1 | 431        0.0156
  1 | 432        0.0156
  1 | 433        0.0156
  1 | 434        0.0428
  1 | 435        0.0428
  1 | 436        0.0428
  1 | 437        0.0428
  1 | 438        0.0428
  1 | 439        0.0428
  1 | 440        0.0428
  1 | 441        0.0428
  1 | 442        0.0428
  1 | 443        0.0428
  1 | 444        0.0428
  1 | 445        0.0428
  1 | 446        0.0428
  1 | 447        0.0428
  1 | 448        0.0428
  1 | 449        0.0428
  1 | 450        0.0428
  1 | 451        0.0428
  1 | 452        0.0428
  1 | 453        0.0428
  1 | 454        0.0428
  1 | 455        0.0428
  1 | 456        0.0428
  1 | 457        0.0428
  1 | 458        0.0428
  1 | 459        0.0428
  1 | 460        0.0428
  1 | 461        0.0428
  1 | 462        0.1123
  1 | 463        0.1123
  1 | 464        0.1123
  1 | 465        0.1123
  1 | 466        0.1123
  1 | 467        0.1123
  1 | 468        0.1123
  1 | 469        0.1123
  1 | 470        0.1123
  1 | 471        0.1123
  1 | 472        0.1123
  1 | 473        0.1123
  1 | 474        0.1123
  1 | 475        0.1123
  1 | 476        0.1123
  1 | 477        0.1123
  1 | 478        0.1123
  1 | 479        0.1123
  1 | 480        0.1123
  1 | 481        0.1123
  1 | 482        0.1123
  1 | 483        0.1123
  1 | 484        0.1123
  1 | 485        0.1123
  1 | 486        0.1123
  1 | 487        0.1123
  1 | 488        0.1123
  1 | 489        0.1123
  1 | 490        0.1123
  1 | 491        0.1123
  1 | 492        0.2634
  1 | 493        0.2634
  1 | 494        0.2634
  1 | 495        0.2634
  1 | 496        0.2634
  1 | 497        0.2634
  1 | 498        0.2634
  1 | 499        0.2634
  1 | 500        0.2634
  1 | 501        0.2634
  1 | 502        0.2634
  1 | 503        0.2634
  1 | 504        0.2634
  1 | 505        0.2634
  1 | 506        0.2634
  1 | 507        0.2634
  1 | 508        0.2634
  1 | 509        0.2634
  1 | 510        0.2634
  1 | 511        0.2634
  1 | 512        0.2634
  1 | 513        0.2634
  1 | 514        0.2634
  1 | 515        0.2634
  1 | 516        0.2634
  1 | 517        0.2634
  1 | 518        0.2634
  1 | 519        0.2634
  1 | 520        0.2634
  1 | 521        0.2634
  1 | 522        0.2634
  1 | 523        0.2634
  1 | 524        0.5026
  1 | 525        0.5026
  1 | 526        0.5026
  1 | 527        0.5026
  1 | 528        0.5026
  1 | 529        0.5026
  1 | 530        0.5026
  1 | 531        0.5026
  1 | 532        0.5026
  1 | 533        0.5026
  1 | 534        0.5026
  1 | 535        0.5026
  1 | 536        0.5026
  1 | 537        0.5026
  1 | 538        0.5026
  1 | 539        0.5026
  1 | 540        0.5026
  1 | 541        0.5026
  1 | 542        0.5026
  1 | 543        0.5026
  1 | 544        0.5026
  1 | 545        0.5026
  1 | 546        0.5026
  1 | 547        0.5026
  1 | 548        0.5026
  1 | 549        0.5026
  1 | 550        0.5026
  1 | 551        0.5026
  1 | 552        0.5026
  1 | 553        0.5026
  1 | 554        0.5026
  1 | 555        0.5026
  1 | 556        0.5026
  1 | 557        0.5026
  1 | 558        0.5026
  1 | 559        0.5026
  1 | 560        0.5026
  1 | 561        0.5026
  1 | 562        0.5026
  1 | 563        0.5026
  1 | 564        0.5026
  1 | 565        0.5026
  1 | 566        0.5026
  1 | 567        0.5026
  1 | 568        0.7407
  1 | 569        0.7407
  1 | 570        0.7407
  1 | 571        0.7407
  1 | 572        0.7407
  1 | 573        0.7407
  1 | 574        0.7407
  1 | 575        0.7407
  1 | 576        0.7407
  1 | 577        0.7407
  1 | 578        0.7407
  1 | 579        0.7407
  1 | 580        0.7407
  1 | 581        0.7407
  1 | 582        0.7407
  1 | 583        0.7407
  1 | 584        0.7407
  1 | 585        0.7407
  1 | 586        0.7407
  1 | 587        0.7407
  1 | 588        0.8898
  1 | 589        0.8898
  1 | 590        0.8898
  1 | 591        0.8898
  1 | 592        0.8898
  1 | 593        0.8898
  1 | 594        0.8898
  1 | 595        0.8898
  1 | 596        0.8898
  1 | 597        0.0156
  1 | 598        0.0156
  1 | 599        0.0156
  1 | 600        0.0156
  1 | 601        0.0156
  1 | 602        0.0156
  1 | 603        0.0156
  1 | 604        0.0156
  1 | 605        0.0156
  1 | 606        0.0156
  1 | 607        0.0156
  1 | 608        0.0156
  1 | 609        0.0156
  1 | 610        0.0156
  1 | 611        0.0156
  1 | 612        0.0156
  1 | 613        0.0156
  1 | 614        0.0156
  1 | 615        0.0156
  1 | 616        0.0156
  1 | 617        0.0156
  1 | 618        0.0156
  1 | 619        0.0156
  1 | 620        0.0156
  1 | 621        0.0428
  1 | 622        0.0428
  1 | 623        0.0428
  1 | 624        0.0428
  1 | 625        0.0428
  1 | 626        0.0428
  1 | 627        0.0428
  1 | 628        0.0428
  1 | 629        0.0428
  1 | 630        0.0428
  1 | 631        0.0428
  1 | 632        0.0428
  1 | 633        0.0428
  1 | 634        0.0428
  1 | 635        0.0428
  1 | 636        0.0428
  1 | 637        0.0428
  1 | 638        0.0428
  1 | 639        0.0428
  1 | 640        0.0428
  1 | 641        0.0428
  1 | 642        0.0428
  1 | 643        0.0428
  1 | 644        0.0428
  1 | 645        0.0428
  1 | 646        0.0428
  1 | 647        0.0428
  1 | 648        0.0428
  1 | 649        0.0428
  1 | 650        0.0428
  1 | 651        0.0428
  1 | 652        0.0428
  1 | 653        0.0428
  1 | 654        0.0428
  1 | 655        0.0428
  1 | 656        0.0428
  1 | 657        0.0428
  1 | 658        0.0428
  1 | 659        0.0428
  1 | 660        0.0428
  1 | 661        0.0428
  1 | 662        0.0428
  1 | 663        0.0428
  1 | 664        0.0428
  1 | 665        0.0428
  1 | 666        0.0428
  1 | 667        0.0428
  1 | 668        0.0428
  1 | 669        0.0428
  1 | 670        0.0428
  1 | 671        0.1123
  1 | 672        0.1123
  1 | 673        0.1123
  1 | 674        0.1123
  1 | 675        0.1123
  1 | 676        0.1123
  1 | 677        0.1123
  1 | 678        0.1123
  1 | 679        0.1123
  1 | 680        0.1123
  1 | 681        0.1123
  1 | 682        0.1123
  1 | 683        0.1123
  1 | 684        0.1123
  1 | 685        0.1123
  1 | 686        0.1123
  1 | 687        0.1123
  1 | 688        0.1123
  1 | 689        0.1123
  1 | 690        0.1123
  1 | 691        0.1123
  1 | 692        0.1123
  1 | 693        0.1123
  1 | 694        0.1123
  1 | 695        0.1123
  1 | 696        0.1123
  1 | 697        0.1123
  1 | 698        0.1123
  1 | 699        0.1123
  1 | 700        0.1123
  1 | 701        0.1123
  1 | 702        0.1123
  1 | 703        0.1123
  1 | 704        0.1123
  1 | 705        0.1123
  1 | 706        0.1123
  1 | 707        0.1123
  1 | 708        0.1123
  1 | 709        0.1123
  1 | 710        0.1123
  1 | 711        0.1123
  1 | 712        0.1123
  1 | 713        0.1123
  1 | 714        0.1123
  1 | 715        0.1123
  1 | 716        0.1123
  1 | 717        0.1123
  1 | 718        0.1123
  1 | 719        0.1123
  1 | 720        0.1123
  1 | 721        0.1123
  1 | 722        0.1123
  1 | 723        0.1123
  1 | 724        0.1123
  1 | 725        0.1123
  1 | 726        0.1123
  1 | 727        0.1123
  1 | 728        0.1123
  1 | 729        0.1123
  1 | 730        0.1123
  1 | 731        0.2634
  1 | 732        0.2634
  1 | 733        0.2634
  1 | 734        0.2634
  1 | 735        0.2634
  1 | 736        0.2634
  1 | 737        0.2634
  1 | 738        0.2634
  1 | 739        0.2634
  1 | 740        0.2634
  1 | 741        0.2634
  1 | 742        0.2634
  1 | 743        0.2634
  1 | 744        0.2634
  1 | 745        0.2634
  1 | 746        0.2634
  1 | 747        0.2634
  1 | 748        0.2634
  1 | 749        0.2634
  1 | 750        0.2634
  1 | 751        0.2634
  1 | 752        0.2634
  1 | 753        0.2634
  1 | 754        0.2634
  1 | 755        0.2634
  1 | 756        0.2634
  1 | 757        0.2634
  1 | 758        0.2634
  1 | 759        0.2634
  1 | 760        0.2634
  1 | 761        0.2634
  1 | 762        0.2634
  1 | 763        0.2634
  1 | 764        0.2634
  1 | 765        0.2634
  1 | 766        0.2634
  1 | 767        0.2634
  1 | 768        0.2634
  1 | 769        0.2634
  1 | 770        0.2634
  1 | 771        0.2634
  1 | 772        0.2634
  1 | 773        0.2634
  1 | 774        0.2634
  1 | 775        0.5026
  1 | 776        0.5026
  1 | 777        0.5026
  1 | 778        0.5026
  1 | 779        0.5026
  1 | 780        0.5026
  1 | 781        0.5026
  1 | 782        0.5026
  1 | 783        0.5026
  1 | 784        0.5026
  1 | 785        0.5026
  1 | 786        0.5026
  1 | 787        0.5026
  1 | 788        0.5026
  1 | 789        0.5026
  1 | 790        0.5026
  1 | 791        0.5026
  1 | 792        0.5026
  1 | 793        0.5026
  1 | 794        0.5026
  1 | 795        0.5026
  1 | 796        0.5026
  1 | 797        0.5026
  1 | 798        0.5026
  1 | 799        0.5026
  1 | 800        0.5026
  1 | 801        0.5026
  1 | 802        0.5026
  1 | 803        0.5026
  1 | 804        0.5026
  1 | 805        0.7407
  1 | 806        0.7407
  1 | 807        0.7407
  1 | 808        0.7407
  1 | 809        0.7407
  1 | 810        0.7407
  1 | 811        0.7407
  1 | 812        0.7407
  1 | 813        0.7407
  1 | 814        0.7407
  1 | 815        0.7407
  1 | 816        0.7407
  1 | 817        0.7407
  1 | 818        0.7407
  1 | 819        0.7407
  1 | 820        0.7407
  1 | 821        0.7407
  1 | 822        0.8898
  1 | 823        0.8898
  1 | 824        0.0156
  1 | 825        0.0156
  1 | 826        0.0156
  1 | 827        0.0156
  1 | 828        0.0156
  1 | 829        0.0156
  1 | 830        0.0428
  1 | 831        0.0428
  1 | 832        0.0428
  1 | 833        0.0428
  1 | 834        0.0428
  1 | 835        0.0428
  1 | 836        0.0428
  1 | 837        0.0428
  1 | 838        0.0428
  1 | 839        0.0428
  1 | 840        0.0428
  1 | 841        0.0428
  1 | 842        0.0428
  1 | 843        0.0428
  1 | 844        0.0428
  1 | 845        0.0428
  1 | 846        0.0428
  1 | 847        0.1123
  1 | 848        0.1123
  1 | 849        0.1123
  1 | 850        0.1123
  1 | 851        0.1123
  1 | 852        0.1123
  1 | 853        0.1123
  1 | 854        0.1123
  1 | 855        0.1123
  1 | 856        0.1123
  1 | 857        0.1123
  1 | 858        0.1123
  1 | 859        0.1123
  1 | 860        0.1123
  1 | 861        0.1123
  1 | 862        0.1123
  1 | 863        0.1123
  1 | 864        0.1123
  1 | 865        0.1123
  1 | 866        0.1123
  1 | 867        0.1123
  1 | 868        0.1123
  1 | 869        0.1123
  1 | 870        0.1123
  1 | 871        0.1123
  1 | 872        0.1123
  1 | 873        0.1123
  1 | 874        0.1123
  1 | 875        0.1123
  1 | 876        0.1123
  1 | 877        0.1123
  1 | 878        0.1123
  1 | 879        0.1123
  1 | 880        0.1123
  1 | 881        0.1123
  1 | 882        0.1123
  1 | 883        0.1123
  1 | 884        0.2634
  1 | 885        0.2634
  1 | 886        0.2634
  1 | 887        0.2634
  1 | 888        0.2634
  1 | 889        0.2634
  1 | 890        0.2634
  1 | 891        0.2634
  1 | 892        0.2634
  1 | 893        0.2634
  1 | 894        0.2634
  1 | 895        0.2634
  1 | 896        0.2634
  1 | 897        0.2634
  1 | 898        0.2634
  1 | 899        0.2634
  1 | 900        0.2634
  1 | 901        0.2634
  1 | 902        0.2634
  1 | 903        0.2634
  1 | 904        0.2634
  1 | 905        0.2634
  1 | 906        0.2634
  1 | 907        0.2634
  1 | 908        0.2634
  1 | 909        0.2634
  1 | 910        0.2634
  1 | 911        0.2634
  1 | 912        0.2634
  1 | 913        0.2634
  1 | 914        0.2634
  1 | 915        0.2634
  1 | 916        0.2634
  1 | 917        0.2634
  1 | 918        0.2634
  1 | 919        0.2634
  1 | 920        0.2634
  1 | 921        0.2634
  1 | 922        0.2634
  1 | 923        0.2634
  1 | 924        0.2634
  1 | 925        0.2634
  1 | 926        0.2634
  1 | 927        0.2634
  1 | 928        0.2634
  1 | 929        0.2634
  1 | 930        0.2634
  1 | 931        0.2634
  1 | 932        0.2634
  1 | 933        0.2634
  1 | 934        0.2634
  1 | 935        0.2634
  1 | 936        0.2634
  1 | 937        0.2634
  1 | 938        0.2634
  1 | 939        0.2634
  1 | 940        0.2634
  1 | 941        0.2634
  1 | 942        0.2634
  1 | 943        0.2634
  1 | 944        0.2634
  1 | 945        0.2634
  1 | 946        0.2634
  1 | 947        0.2634
  1 | 948        0.2634
  1 | 949        0.2634
  1 | 950        0.2634
  1 | 951        0.2634
  1 | 952        0.2634
  1 | 953        0.2634
  1 | 954        0.2634
  1 | 955        0.5026
  1 | 956        0.5026
  1 | 957        0.5026
  1 | 958        0.5026
  1 | 959        0.5026
  1 | 960        0.5026
  1 | 961        0.5026
  1 | 962        0.5026
  1 | 963        0.5026
  1 | 964        0.5026
  1 | 965        0.5026
  1 | 966        0.5026
  1 | 967        0.5026
  1 | 968        0.5026
  1 | 969        0.5026
  1 | 970        0.5026
  1 | 971        0.5026
  1 | 972        0.5026
  1 | 973        0.5026
  1 | 974        0.5026
  1 | 975        0.5026
  1 | 976        0.5026
  1 | 977        0.5026
  1 | 978        0.5026
  1 | 979        0.5026
  1 | 980        0.5026
  1 | 981        0.5026
  1 | 982        0.5026
  1 | 983        0.5026
  1 | 984        0.5026
  1 | 985        0.5026
  1 | 986        0.5026
  1 | 987        0.5026
  1 | 988        0.5026
  1 | 989        0.5026
  1 | 990        0.5026
  1 | 991        0.5026
  1 | 992        0.5026
  1 | 993        0.5026
  1 | 994        0.5026
  1 | 995        0.5026
  1 | 996        0.5026
  1 | 997        0.5026
  1 | 998        0.5026
  1 | 999        0.5026
  1 | 1000       0.5026
  1 | 1001       0.5026
  1 | 1002       0.5026
  1 | 1003       0.5026
  1 | 1004       0.5026
  1 | 1005       0.5026
  1 | 1006       0.5026
  1 | 1007       0.5026
  1 | 1008       0.5026
  1 | 1009       0.5026
  1 | 1010       0.5026
  1 | 1011       0.5026
  1 | 1012       0.5026
  1 | 1013       0.5026
  1 | 1014       0.5026
  1 | 1015       0.5026
  1 | 1016       0.5026
  1 | 1017       0.5026
  1 | 1018       0.5026
  1 | 1019       0.5026
  1 | 1020       0.5026
  1 | 1021       0.5026
  1 | 1022       0.5026
  1 | 1023       0.5026
  1 | 1024       0.5026
  1 | 1025       0.5026
  1 | 1026       0.5026
  1 | 1027       0.5026
  1 | 1028       0.5026
  1 | 1029       0.5026
  1 | 1030       0.5026
  1 | 1031       0.5026
  1 | 1032       0.5026
  1 | 1033       0.5026
  1 | 1034       0.5026
  1 | 1035       0.5026
  1 | 1036       0.5026
  1 | 1037       0.5026
  1 | 1038       0.5026
  1 | 1039       0.5026
  1 | 1040       0.5026
  1 | 1041       0.5026
  1 | 1042       0.5026
  1 | 1043       0.5026
  1 | 1044       0.5026
  1 | 1045       0.5026
  1 | 1046       0.5026
  1 | 1047       0.5026
  1 | 1048       0.5026
  1 | 1049       0.5026
  1 | 1050       0.5026
  1 | 1051       0.5026
  1 | 1052       0.5026
  1 | 1053       0.5026
  1 | 1054       0.5026
  1 | 1055       0.5026
  1 | 1056       0.5026
  1 | 1057       0.7407
  1 | 1058       0.7407
  1 | 1059       0.7407
  1 | 1060       0.7407
  1 | 1061       0.7407
  1 | 1062       0.7407
  1 | 1063       0.7407
  1 | 1064       0.7407
  1 | 1065       0.7407
  1 | 1066       0.7407
  1 | 1067       0.7407
  1 | 1068       0.7407
  1 | 1069       0.7407
  1 | 1070       0.7407
  1 | 1071       0.7407
  1 | 1072       0.7407
  1 | 1073       0.7407
  1 | 1074       0.7407
  1 | 1075       0.7407
  1 | 1076       0.7407
  1 | 1077       0.7407
  1 | 1078       0.7407
  1 | 1079       0.7407
  1 | 1080       0.7407
  1 | 1081       0.7407
  1 | 1082       0.7407
  1 | 1083       0.7407
  1 | 1084       0.7407
  1 | 1085       0.7407
  1 | 1086       0.7407
  1 | 1087       0.7407
  1 | 1088       0.7407
  1 | 1089       0.7407
  1 | 1090       0.7407
  1 | 1091       0.7407
  1 | 1092       0.7407
  1 | 1093       0.7407
  1 | 1094       0.7407
  1 | 1095       0.7407
  1 | 1096       0.7407
  1 | 1097       0.7407
  1 | 1098       0.7407
  1 | 1099       0.7407
  1 | 1100       0.7407
  1 | 1101       0.7407
  1 | 1102       0.7407
  1 | 1103       0.7407
  1 | 1104       0.7407
  1 | 1105       0.7407
  1 | 1106       0.7407
  1 | 1107       0.7407
  1 | 1108       0.7407
  1 | 1109       0.7407
  1 | 1110       0.7407
  1 | 1111       0.7407
  1 | 1112       0.7407
  1 | 1113       0.7407
  1 | 1114       0.7407
  1 | 1115       0.7407
  1 | 1116       0.7407
  1 | 1117       0.7407
  1 | 1118       0.7407
  1 | 1119       0.7407
  1 | 1120       0.7407
  1 | 1121       0.7407
  1 | 1122       0.7407
  1 | 1123       0.7407
  1 | 1124       0.7407
  1 | 1125       0.7407
  1 | 1126       0.7407
  1 | 1127       0.7407
  1 | 1128       0.7407
  1 | 1129       0.7407
  1 | 1130       0.7407
  1 | 1131       0.7407
  1 | 1132       0.7407
  1 | 1133       0.7407
  1 | 1134       0.7407
  1 | 1135       0.7407
  1 | 1136       0.7407
  1 | 1137       0.7407
  1 | 1138       0.7407
  1 | 1139       0.7407
  1 | 1140       0.7407
  1 | 1141       0.7407
  1 | 1142       0.7407
  1 | 1143       0.7407
  1 | 1144       0.7407
  1 | 1145       0.7407
  1 | 1146       0.7407
  1 | 1147       0.7407
  1 | 1148       0.7407
  1 | 1149       0.7407
  1 | 1150       0.7407
  1 | 1151       0.7407
  1 | 1152       0.7407
  1 | 1153       0.7407
  1 | 1154       0.7407
  1 | 1155       0.7407
  1 | 1156       0.7407
  1 | 1157       0.7407
  1 | 1158       0.7407
  1 | 1159       0.7407
  1 | 1160       0.7407
  1 | 1161       0.7407
  1 | 1162       0.7407
  1 | 1163       0.7407
  1 | 1164       0.7407
  1 | 1165       0.7407
  1 | 1166       0.7407
  1 | 1167       0.7407
  1 | 1168       0.7407
  1 | 1169       0.8898
  1 | 1170       0.8898
  1 | 1171       0.8898
  1 | 1172       0.8898
  1 | 1173       0.8898
  1 | 1174       0.8898
  1 | 1175       0.8898
  1 | 1176       0.8898
  1 | 1177       0.8898
  1 | 1178       0.8898
  1 | 1179       0.8898
  1 | 1180       0.8898
  1 | 1181       0.8898
  1 | 1182       0.8898
  1 | 1183       0.8898
  1 | 1184       0.8898
  1 | 1185       0.8898
  1 | 1186       0.8898
  1 | 1187       0.8898
  1 | 1188       0.8898
  1 | 1189       0.8898
  1 | 1190       0.8898
  1 | 1191       0.8898
  1 | 1192       0.8898
  1 | 1193       0.8898
  1 | 1194       0.8898
  1 | 1195       0.8898
  1 | 1196       0.8898
  1 | 1197       0.8898
  1 | 1198       0.8898
  1 | 1199       0.8898
  1 | 1200       0.8898
  1 | 1201       0.8898
  1 | 1202       0.8898
  1 | 1203       0.8898
  1 | 1204       0.8898
  1 | 1205       0.8898
  1 | 1206       0.8898
  1 | 1207       0.8898
  1 | 1208       0.8898
  1 | 1209       0.8898
  1 | 1210       0.8898
  1 | 1211       0.8898
  1 | 1212       0.8898
  1 | 1213       0.8898
  1 | 1214       0.8898
  1 | 1215       0.8898
  1 | 1216       0.8898
  1 | 1217       0.8898
  1 | 1218       0.8898
  1 | 1219       0.8898
  1 | 1220       0.8898
  1 | 1221       0.8898
  1 | 1222       0.8898
  1 | 1223       0.8898
  1 | 1224       0.8898
  1 | 1225       0.8898
  1 | 1226       0.8898
  1 | 1227       0.8898
  1 | 1228       0.8898
  1 | 1229       0.8898
  1 | 1230       0.8898
  1 | 1231       0.8898
  1 | 1232       0.8898
  1 | 1233       0.8898
  1 | 1234       0.8898
  1 | 1235       0.8898
  1 | 1236       0.8898
  1 | 1237       0.8898
  1 | 1238       0.8898
  1 | 1239       0.8898
  1 | 1240       0.8898
  1 | 1241       0.8898
  2 | 1          0.9844
  2 | 2          0.9844
  2 | 3          0.9844
  2 | 4          0.9844
  2 | 5          0.9844
  2 | 6          0.9844
  2 | 7          0.9844
  2 | 8          0.9844
  2 | 9          0.9844
  2 | 10         0.9844
  2 | 11         0.9844
  2 | 12         0.9844
  2 | 13         0.9844
  2 | 14         0.9844
  2 | 15         0.9844
  2 | 16         0.9844
  2 | 17         0.9844
  2 | 18         0.9844
  2 | 19         0.9844
  2 | 20         0.9844
  2 | 21         0.9844
  2 | 22         0.9844
  2 | 23         0.9844
  2 | 24         0.9844
  2 | 25         0.9844
  2 | 26         0.9844
  2 | 27         0.9844
  2 | 28         0.9844
  2 | 29         0.9844
  2 | 30         0.9844
  2 | 31         0.9844
  2 | 32         0.9844
  2 | 33         0.9844
  2 | 34         0.9844
  2 | 35         0.9844
  2 | 36         0.9844
  2 | 37         0.9844
  2 | 38         0.9844
  2 | 39         0.9844
  2 | 40         0.9844
  2 | 41         0.9844
  2 | 42         0.9844
  2 | 43         0.9844
  2 | 44         0.9844
  2 | 45         0.9844
  2 | 46         0.9844
  2 | 47         0.9844
  2 | 48         0.9844
  2 | 49         0.9844
  2 | 50         0.9844
  2 | 51         0.9844
  2 | 52         0.9844
  2 | 53         0.9844
  2 | 54         0.9844
  2 | 55         0.9844
  2 | 56         0.9844
  2 | 57         0.9844
  2 | 58         0.9844
  2 | 59         0.9844
  2 | 60         0.9844
  2 | 61         0.9844
  2 | 62         0.9572
  2 | 63         0.9572
  2 | 64         0.9572
  2 | 65         0.9572
  2 | 66         0.9572
  2 | 67         0.9572
  2 | 68         0.9572
  2 | 69         0.9572
  2 | 70         0.9572
  2 | 71         0.9572
  2 | 72         0.9572
  2 | 73         0.9572
  2 | 74         0.9572
  2 | 75         0.9572
  2 | 76         0.9572
  2 | 77         0.9572
  2 | 78         0.9572
  2 | 79         0.9572
  2 | 80         0.9572
  2 | 81         0.9572
  2 | 82         0.9572
  2 | 83         0.9572
  2 | 84         0.9572
  2 | 85         0.9572
  2 | 86         0.9572
  2 | 87         0.9572
  2 | 88         0.9572
  2 | 89         0.9572
  2 | 90         0.9572
  2 | 91         0.9572
  2 | 92         0.9572
  2 | 93         0.9572
  2 | 94         0.9572
  2 | 95         0.9572
  2 | 96         0.9572
  2 | 97         0.9572
  2 | 98         0.9572
  2 | 99         0.9572
  2 | 100        0.9572
  2 | 101        0.9572
  2 | 102        0.9572
  2 | 103        0.9572
  2 | 104        0.9572
  2 | 105        0.9572
  2 | 106        0.9572
  2 | 107        0.9572
  2 | 108        0.9572
  2 | 109        0.9572
  2 | 110        0.9572
  2 | 111        0.9572
  2 | 112        0.9572
  2 | 113        0.9572
  2 | 114        0.9572
  2 | 115        0.9572
  2 | 116        0.9572
  2 | 117        0.9572
  2 | 118        0.9572
  2 | 119        0.9572
  2 | 120        0.9572
  2 | 121        0.9572
  2 | 122        0.9572
  2 | 123        0.9572
  2 | 124        0.9572
  2 | 125        0.9572
  2 | 126        0.9572
  2 | 127        0.9572
  2 | 128        0.9572
  2 | 129        0.9572
  2 | 130        0.9572
  2 | 131        0.9572
  2 | 132        0.9572
  2 | 133        0.9572
  2 | 134        0.9572
  2 | 135        0.9572
  2 | 136        0.9572
  2 | 137        0.9572
  2 | 138        0.9572
  2 | 139        0.9572
  2 | 140        0.9572
  2 | 141        0.9572
  2 | 142        0.9572
  2 | 143        0.9572
  2 | 144        0.9572
  2 | 145        0.9572
  2 | 146        0.9572
  2 | 147        0.9572
  2 | 148        0.9572
  2 | 149        0.9572
  2 | 150        0.9572
  2 | 151        0.9572
  2 | 152        0.9572
  2 | 153        0.9572
  2 | 154        0.8877
  2 | 155        0.8877
  2 | 156        0.8877
  2 | 157        0.8877
  2 | 158        0.8877
  2 | 159        0.8877
  2 | 160        0.8877
  2 | 161        0.8877
  2 | 162        0.8877
  2 | 163        0.8877
  2 | 164        0.8877
  2 | 165        0.8877
  2 | 166        0.8877
  2 | 167        0.8877
  2 | 168        0.8877
  2 | 169        0.8877
  2 | 170        0.8877
  2 | 171        0.8877
  2 | 172        0.8877
  2 | 173        0.8877
  2 | 174        0.8877
  2 | 175        0.8877
  2 | 176        0.8877
  2 | 177        0.8877
  2 | 178        0.8877
  2 | 179        0.8877
  2 | 180        0.8877
  2 | 181        0.8877
  2 | 182        0.8877
  2 | 183        0.8877
  2 | 184        0.8877
  2 | 185        0.8877
  2 | 186        0.8877
  2 | 187        0.8877
  2 | 188        0.8877
  2 | 189        0.8877
  2 | 190        0.8877
  2 | 191        0.8877
  2 | 192        0.8877
  2 | 193        0.8877
  2 | 194        0.8877
  2 | 195        0.8877
  2 | 196        0.8877
  2 | 197        0.8877
  2 | 198        0.8877
  2 | 199        0.8877
  2 | 200        0.8877
  2 | 201        0.8877
  2 | 202        0.8877
  2 | 203        0.8877
  2 | 204        0.8877
  2 | 205        0.8877
  2 | 206        0.8877
  2 | 207        0.8877
  2 | 208        0.8877
  2 | 209        0.8877
  2 | 210        0.8877
  2 | 211        0.8877
  2 | 212        0.8877
  2 | 213        0.8877
  2 | 214        0.8877
  2 | 215        0.8877
  2 | 216        0.8877
  2 | 217        0.8877
  2 | 218        0.8877
  2 | 219        0.8877
  2 | 220        0.8877
  2 | 221        0.8877
  2 | 222        0.8877
  2 | 223        0.8877
  2 | 224        0.8877
  2 | 225        0.8877
  2 | 226        0.8877
  2 | 227        0.8877
  2 | 228        0.8877
  2 | 229        0.8877
  2 | 230        0.8877
  2 | 231        0.8877
  2 | 232        0.8877
  2 | 233        0.8877
  2 | 234        0.8877
  2 | 235        0.8877
  2 | 236        0.8877
  2 | 237        0.8877
  2 | 238        0.8877
  2 | 239        0.8877
  2 | 240        0.8877
  2 | 241        0.8877
  2 | 242        0.8877
  2 | 243        0.8877
  2 | 244        0.8877
  2 | 245        0.8877
  2 | 246        0.8877
  2 | 247        0.8877
  2 | 248        0.8877
  2 | 249        0.8877
  2 | 250        0.8877
  2 | 251        0.8877
  2 | 252        0.8877
  2 | 253        0.8877
  2 | 254        0.8877
  2 | 255        0.8877
  2 | 256        0.8877
  2 | 257        0.8877
  2 | 258        0.8877
  2 | 259        0.8877
  2 | 260        0.8877
  2 | 261        0.7366
  2 | 262        0.7366
  2 | 263        0.7366
  2 | 264        0.7366
  2 | 265        0.7366
  2 | 266        0.7366
  2 | 267        0.7366
  2 | 268        0.7366
  2 | 269        0.7366
  2 | 270        0.7366
  2 | 271        0.7366
  2 | 272        0.7366
  2 | 273        0.7366
  2 | 274        0.7366
  2 | 275        0.7366
  2 | 276        0.7366
  2 | 277        0.7366
  2 | 278        0.7366
  2 | 279        0.7366
  2 | 280        0.7366
  2 | 281        0.7366
  2 | 282        0.7366
  2 | 283        0.7366
  2 | 284        0.7366
  2 | 285        0.7366
  2 | 286        0.7366
  2 | 287        0.7366
  2 | 288        0.7366
  2 | 289        0.7366
  2 | 290        0.7366
  2 | 291        0.7366
  2 | 292        0.7366
  2 | 293        0.7366
  2 | 294        0.7366
  2 | 295        0.7366
  2 | 296        0.7366
  2 | 297        0.7366
  2 | 298        0.7366
  2 | 299        0.7366
  2 | 300        0.7366
  2 | 301        0.7366
  2 | 302        0.7366
  2 | 303        0.7366
  2 | 304        0.7366
  2 | 305        0.7366
  2 | 306        0.7366
  2 | 307        0.7366
  2 | 308        0.7366
  2 | 309        0.7366
  2 | 310        0.7366
  2 | 311        0.7366
  2 | 312        0.7366
  2 | 313        0.7366
  2 | 314        0.7366
  2 | 315        0.7366
  2 | 316        0.7366
  2 | 317        0.7366
  2 | 318        0.7366
  2 | 319        0.7366
  2 | 320        0.7366
  2 | 321        0.7366
  2 | 322        0.7366
  2 | 323        0.7366
  2 | 324        0.7366
  2 | 325        0.7366
  2 | 326        0.7366
  2 | 327        0.7366
  2 | 328        0.7366
  2 | 329        0.7366
  2 | 330        0.7366
  2 | 331        0.7366
  2 | 332        0.7366
  2 | 333        0.7366
  2 | 334        0.7366
  2 | 335        0.7366
  2 | 336        0.4974
  2 | 337        0.4974
  2 | 338        0.4974
  2 | 339        0.4974
  2 | 340        0.4974
  2 | 341        0.4974
  2 | 342        0.4974
  2 | 343        0.4974
  2 | 344        0.4974
  2 | 345        0.4974
  2 | 346        0.4974
  2 | 347        0.4974
  2 | 348        0.4974
  2 | 349        0.4974
  2 | 350        0.4974
  2 | 351        0.4974
  2 | 352        0.4974
  2 | 353        0.4974
  2 | 354        0.4974
  2 | 355        0.4974
  2 | 356        0.4974
  2 | 357        0.4974
  2 | 358        0.4974
  2 | 359        0.4974
  2 | 360        0.4974
  2 | 361        0.4974
  2 | 362        0.4974
  2 | 363        0.4974
  2 | 364        0.4974
  2 | 365        0.4974
  2 | 366        0.4974
  2 | 367        0.4974
  2 | 368        0.4974
  2 | 369        0.4974
  2 | 370        0.4974
  2 | 371        0.4974
  2 | 372        0.4974
  2 | 373        0.4974
  2 | 374        0.4974
  2 | 375        0.4974
  2 | 376        0.4974
  2 | 377        0.4974
  2 | 378        0.4974
  2 | 379        0.4974
  2 | 380        0.4974
  2 | 381        0.4974
  2 | 382        0.4974
  2 | 383        0.4974
  2 | 384        0.4974
  2 | 385        0.4974
  2 | 386        0.4974
  2 | 387        0.4974
  2 | 388        0.4974
  2 | 389        0.4974
  2 | 390        0.4974
  2 | 391        0.4974
  2 | 392        0.2593
  2 | 393        0.2593
  2 | 394        0.2593
  2 | 395        0.2593
  2 | 396        0.2593
  2 | 397        0.2593
  2 | 398        0.2593
  2 | 399        0.2593
  2 | 400        0.2593
  2 | 401        0.2593
  2 | 402        0.2593
  2 | 403        0.2593
  2 | 404        0.2593
  2 | 405        0.2593
  2 | 406        0.2593
  2 | 407        0.2593
  2 | 408        0.2593
  2 | 409        0.2593
  2 | 410        0.2593
  2 | 411        0.2593
  2 | 412        0.2593
  2 | 413        0.2593
  2 | 414        0.2593
  2 | 415        0.2593
  2 | 416        0.2593
  2 | 417        0.2593
  2 | 418        0.2593
  2 | 419        0.2593
  2 | 420        0.1102
  2 | 421        0.1102
  2 | 422        0.1102
  2 | 423        0.1102
  2 | 424        0.1102
  2 | 425        0.9844
  2 | 426        0.9844
  2 | 427        0.9844
  2 | 428        0.9844
  2 | 429        0.9844
  2 | 430        0.9844
  2 | 431        0.9844
  2 | 432        0.9844
  2 | 433        0.9844
  2 | 434        0.9572
  2 | 435        0.9572
  2 | 436        0.9572
  2 | 437        0.9572
  2 | 438        0.9572
  2 | 439        0.9572
  2 | 440        0.9572
  2 | 441        0.9572
  2 | 442        0.9572
  2 | 443        0.9572
  2 | 444        0.9572
  2 | 445        0.9572
  2 | 446        0.9572
  2 | 447        0.9572
  2 | 448        0.9572
  2 | 449        0.9572
  2 | 450        0.9572
  2 | 451        0.9572
  2 | 452        0.9572
  2 | 453        0.9572
  2 | 454        0.9572
  2 | 455        0.9572
  2 | 456        0.9572
  2 | 457        0.9572
  2 | 458        0.9572
  2 | 459        0.9572
  2 | 460        0.9572
  2 | 461        0.9572
  2 | 462        0.8877
  2 | 463        0.8877
  2 | 464        0.8877
  2 | 465        0.8877
  2 | 466        0.8877
  2 | 467        0.8877
  2 | 468        0.8877
  2 | 469        0.8877
  2 | 470        0.8877
  2 | 471        0.8877
  2 | 472        0.8877
  2 | 473        0.8877
  2 | 474        0.8877
  2 | 475        0.8877
  2 | 476        0.8877
  2 | 477        0.8877
  2 | 478        0.8877
  2 | 479        0.8877
  2 | 480        0.8877
  2 | 481        0.8877
  2 | 482        0.8877
  2 | 483        0.8877
  2 | 484        0.8877
  2 | 485        0.8877
  2 | 486        0.8877
  2 | 487        0.8877
  2 | 488        0.8877
  2 | 489        0.8877
  2 | 490        0.8877
  2 | 491        0.8877
  2 | 492        0.7366
  2 | 493        0.7366
  2 | 494        0.7366
  2 | 495        0.7366
  2 | 496        0.7366
  2 | 497        0.7366
  2 | 498        0.7366
  2 | 499        0.7366
  2 | 500        0.7366
  2 | 501        0.7366
  2 | 502        0.7366
  2 | 503        0.7366
  2 | 504        0.7366
  2 | 505        0.7366
  2 | 506        0.7366
  2 | 507        0.7366
  2 | 508        0.7366
  2 | 509        0.7366
  2 | 510        0.7366
  2 | 511        0.7366
  2 | 512        0.7366
  2 | 513        0.7366
  2 | 514        0.7366
  2 | 515        0.7366
  2 | 516        0.7366
  2 | 517        0.7366
  2 | 518        0.7366
  2 | 519        0.7366
  2 | 520        0.7366
  2 | 521        0.7366
  2 | 522        0.7366
  2 | 523        0.7366
  2 | 524        0.4974
  2 | 525        0.4974
  2 | 526        0.4974
  2 | 527        0.4974
  2 | 528        0.4974
  2 | 529        0.4974
  2 | 530        0.4974
  2 | 531        0.4974
  2 | 532        0.4974
  2 | 533        0.4974
  2 | 534        0.4974
  2 | 535        0.4974
  2 | 536        0.4974
  2 | 537        0.4974
  2 | 538        0.4974
  2 | 539        0.4974
  2 | 540        0.4974
  2 | 541        0.4974
  2 | 542        0.4974
  2 | 543        0.4974
  2 | 544        0.4974
  2 | 545        0.4974
  2 | 546        0.4974
  2 | 547        0.4974
  2 | 548        0.4974
  2 | 549        0.4974
  2 | 550        0.4974
  2 | 551        0.4974
  2 | 552        0.4974
  2 | 553        0.4974
  2 | 554        0.4974
  2 | 555        0.4974
  2 | 556        0.4974
  2 | 557        0.4974
  2 | 558        0.4974
  2 | 559        0.4974
  2 | 560        0.4974
  2 | 561        0.4974
  2 | 562        0.4974
  2 | 563        0.4974
  2 | 564        0.4974
  2 | 565        0.4974
  2 | 566        0.4974
  2 | 567        0.4974
  2 | 568        0.2593
  2 | 569        0.2593
  2 | 570        0.2593
  2 | 571        0.2593
  2 | 572        0.2593
  2 | 573        0.2593
  2 | 574        0.2593
  2 | 575        0.2593
  2 | 576        0.2593
  2 | 577        0.2593
  2 | 578        0.2593
  2 | 579        0.2593
  2 | 580        0.2593
  2 | 581        0.2593
  2 | 582        0.2593
  2 | 583        0.2593
  2 | 584        0.2593
  2 | 585        0.2593
  2 | 586        0.2593
  2 | 587        0.2593
  2 | 588        0.1102
  2 | 589        0.1102
  2 | 590        0.1102
  2 | 591        0.1102
  2 | 592        0.1102
  2 | 593        0.1102
  2 | 594        0.1102
  2 | 595        0.1102
  2 | 596        0.1102
  2 | 597        0.9844
  2 | 598        0.9844
  2 | 599        0.9844
  2 | 600        0.9844
  2 | 601        0.9844
  2 | 602        0.9844
  2 | 603        0.9844
  2 | 604        0.9844
  2 | 605        0.9844
  2 | 606        0.9844
  2 | 607        0.9844
  2 | 608        0.9844
  2 | 609        0.9844
  2 | 610        0.9844
  2 | 611        0.9844
  2 | 612        0.9844
  2 | 613        0.9844
  2 | 614        0.9844
  2 | 615        0.9844
  2 | 616        0.9844
  2 | 617        0.9844
  2 | 618        0.9844
  2 | 619        0.9844
  2 | 620        0.9844
  2 | 621        0.9572
  2 | 622        0.9572
  2 | 623        0.9572
  2 | 624        0.9572
  2 | 625        0.9572
  2 | 626        0.9572
  2 | 627        0.9572
  2 | 628        0.9572
  2 | 629        0.9572
  2 | 630        0.9572
  2 | 631        0.9572
  2 | 632        0.9572
  2 | 633        0.9572
  2 | 634        0.9572
  2 | 635        0.9572
  2 | 636        0.9572
  2 | 637        0.9572
  2 | 638        0.9572
  2 | 639        0.9572
  2 | 640        0.9572
  2 | 641        0.9572
  2 | 642        0.9572
  2 | 643        0.9572
  2 | 644        0.9572
  2 | 645        0.9572
  2 | 646        0.9572
  2 | 647        0.9572
  2 | 648        0.9572
  2 | 649        0.9572
  2 | 650        0.9572
  2 | 651        0.9572
  2 | 652        0.9572
  2 | 653        0.9572
  2 | 654        0.9572
  2 | 655        0.9572
  2 | 656        0.9572
  2 | 657        0.9572
  2 | 658        0.9572
  2 | 659        0.9572
  2 | 660        0.9572
  2 | 661        0.9572
  2 | 662        0.9572
  2 | 663        0.9572
  2 | 664        0.9572
  2 | 665        0.9572
  2 | 666        0.9572
  2 | 667        0.9572
  2 | 668        0.9572
  2 | 669        0.9572
  2 | 670        0.9572
  2 | 671        0.8877
  2 | 672        0.8877
  2 | 673        0.8877
  2 | 674        0.8877
  2 | 675        0.8877
  2 | 676        0.8877
  2 | 677        0.8877
  2 | 678        0.8877
  2 | 679        0.8877
  2 | 680        0.8877
  2 | 681        0.8877
  2 | 682        0.8877
  2 | 683        0.8877
  2 | 684        0.8877
  2 | 685        0.8877
  2 | 686        0.8877
  2 | 687        0.8877
  2 | 688        0.8877
  2 | 689        0.8877
  2 | 690        0.8877
  2 | 691        0.8877
  2 | 692        0.8877
  2 | 693        0.8877
  2 | 694        0.8877
  2 | 695        0.8877
  2 | 696        0.8877
  2 | 697        0.8877
  2 | 698        0.8877
  2 | 699        0.8877
  2 | 700        0.8877
  2 | 701        0.8877
  2 | 702        0.8877
  2 | 703        0.8877
  2 | 704        0.8877
  2 | 705        0.8877
  2 | 706        0.8877
  2 | 707        0.8877
  2 | 708        0.8877
  2 | 709        0.8877
  2 | 710        0.8877
  2 | 711        0.8877
  2 | 712        0.8877
  2 | 713        0.8877
  2 | 714        0.8877
  2 | 715        0.8877
  2 | 716        0.8877
  2 | 717        0.8877
  2 | 718        0.8877
  2 | 719        0.8877
  2 | 720        0.8877
  2 | 721        0.8877
  2 | 722        0.8877
  2 | 723        0.8877
  2 | 724        0.8877
  2 | 725        0.8877
  2 | 726        0.8877
  2 | 727        0.8877
  2 | 728        0.8877
  2 | 729        0.8877
  2 | 730        0.8877
  2 | 731        0.7366
  2 | 732        0.7366
  2 | 733        0.7366
  2 | 734        0.7366
  2 | 735        0.7366
  2 | 736        0.7366
  2 | 737        0.7366
  2 | 738        0.7366
  2 | 739        0.7366
  2 | 740        0.7366
  2 | 741        0.7366
  2 | 742        0.7366
  2 | 743        0.7366
  2 | 744        0.7366
  2 | 745        0.7366
  2 | 746        0.7366
  2 | 747        0.7366
  2 | 748        0.7366
  2 | 749        0.7366
  2 | 750        0.7366
  2 | 751        0.7366
  2 | 752        0.7366
  2 | 753        0.7366
  2 | 754        0.7366
  2 | 755        0.7366
  2 | 756        0.7366
  2 | 757        0.7366
  2 | 758        0.7366
  2 | 759        0.7366
  2 | 760        0.7366
  2 | 761        0.7366
  2 | 762        0.7366
  2 | 763        0.7366
  2 | 764        0.7366
  2 | 765        0.7366
  2 | 766        0.7366
  2 | 767        0.7366
  2 | 768        0.7366
  2 | 769        0.7366
  2 | 770        0.7366
  2 | 771        0.7366
  2 | 772        0.7366
  2 | 773        0.7366
  2 | 774        0.7366
  2 | 775        0.4974
  2 | 776        0.4974
  2 | 777        0.4974
  2 | 778        0.4974
  2 | 779        0.4974
  2 | 780        0.4974
  2 | 781        0.4974
  2 | 782        0.4974
  2 | 783        0.4974
  2 | 784        0.4974
  2 | 785        0.4974
  2 | 786        0.4974
  2 | 787        0.4974
  2 | 788        0.4974
  2 | 789        0.4974
  2 | 790        0.4974
  2 | 791        0.4974
  2 | 792        0.4974
  2 | 793        0.4974
  2 | 794        0.4974
  2 | 795        0.4974
  2 | 796        0.4974
  2 | 797        0.4974
  2 | 798        0.4974
  2 | 799        0.4974
  2 | 800        0.4974
  2 | 801        0.4974
  2 | 802        0.4974
  2 | 803        0.4974
  2 | 804        0.4974
  2 | 805        0.2593
  2 | 806        0.2593
  2 | 807        0.2593
  2 | 808        0.2593
  2 | 809        0.2593
  2 | 810        0.2593
  2 | 811        0.2593
  2 | 812        0.2593
  2 | 813        0.2593
  2 | 814        0.2593
  2 | 815        0.2593
  2 | 816        0.2593
  2 | 817        0.2593
  2 | 818        0.2593
  2 | 819        0.2593
  2 | 820        0.2593
  2 | 821        0.2593
  2 | 822        0.1102
  2 | 823        0.1102
  2 | 824        0.9844
  2 | 825        0.9844
  2 | 826        0.9844
  2 | 827        0.9844
  2 | 828        0.9844
  2 | 829        0.9844
  2 | 830        0.9572
  2 | 831        0.9572
  2 | 832        0.9572
  2 | 833        0.9572
  2 | 834        0.9572
  2 | 835        0.9572
  2 | 836        0.9572
  2 | 837        0.9572
  2 | 838        0.9572
  2 | 839        0.9572
  2 | 840        0.9572
  2 | 841        0.9572
  2 | 842        0.9572
  2 | 843        0.9572
  2 | 844        0.9572
  2 | 845        0.9572
  2 | 846        0.9572
  2 | 847        0.8877
  2 | 848        0.8877
  2 | 849        0.8877
  2 | 850        0.8877
  2 | 851        0.8877
  2 | 852        0.8877
  2 | 853        0.8877
  2 | 854        0.8877
  2 | 855        0.8877
  2 | 856        0.8877
  2 | 857        0.8877
  2 | 858        0.8877
  2 | 859        0.8877
  2 | 860        0.8877
  2 | 861        0.8877
  2 | 862        0.8877
  2 | 863        0.8877
  2 | 864        0.8877
  2 | 865        0.8877
  2 | 866        0.8877
  2 | 867        0.8877
  2 | 868        0.8877
  2 | 869        0.8877
  2 | 870        0.8877
  2 | 871        0.8877
  2 | 872        0.8877
  2 | 873        0.8877
  2 | 874        0.8877
  2 | 875        0.8877
  2 | 876        0.8877
  2 | 877        0.8877
  2 | 878        0.8877
  2 | 879        0.8877
  2 | 880        0.8877
  2 | 881        0.8877
  2 | 882        0.8877
  2 | 883        0.8877
  2 | 884        0.7366
  2 | 885        0.7366
  2 | 886        0.7366
  2 | 887        0.7366
  2 | 888        0.7366
  2 | 889        0.7366
  2 | 890        0.7366
  2 | 891        0.7366
  2 | 892        0.7366
  2 | 893        0.7366
  2 | 894        0.7366
  2 | 895        0.7366
  2 | 896        0.7366
  2 | 897        0.7366
  2 | 898        0.7366
  2 | 899        0.7366
  2 | 900        0.7366
  2 | 901        0.7366
  2 | 902        0.7366
  2 | 903        0.7366
  2 | 904        0.7366
  2 | 905        0.7366
  2 | 906        0.7366
  2 | 907        0.7366
  2 | 908        0.7366
  2 | 909        0.7366
  2 | 910        0.7366
  2 | 911        0.7366
  2 | 912        0.7366
  2 | 913        0.7366
  2 | 914        0.7366
  2 | 915        0.7366
  2 | 916        0.7366
  2 | 917        0.7366
  2 | 918        0.7366
  2 | 919        0.7366
  2 | 920        0.7366
  2 | 921        0.7366
  2 | 922        0.7366
  2 | 923        0.7366
  2 | 924        0.7366
  2 | 925        0.7366
  2 | 926        0.7366
  2 | 927        0.7366
  2 | 928        0.7366
  2 | 929        0.7366
  2 | 930        0.7366
  2 | 931        0.7366
  2 | 932        0.7366
  2 | 933        0.7366
  2 | 934        0.7366
  2 | 935        0.7366
  2 | 936        0.7366
  2 | 937        0.7366
  2 | 938        0.7366
  2 | 939        0.7366
  2 | 940        0.7366
  2 | 941        0.7366
  2 | 942        0.7366
  2 | 943        0.7366
  2 | 944        0.7366
  2 | 945        0.7366
  2 | 946        0.7366
  2 | 947        0.7366
  2 | 948        0.7366
  2 | 949        0.7366
  2 | 950        0.7366
  2 | 951        0.7366
  2 | 952        0.7366
  2 | 953        0.7366
  2 | 954        0.7366
  2 | 955        0.4974
  2 | 956        0.4974
  2 | 957        0.4974
  2 | 958        0.4974
  2 | 959        0.4974
  2 | 960        0.4974
  2 | 961        0.4974
  2 | 962        0.4974
  2 | 963        0.4974
  2 | 964        0.4974
  2 | 965        0.4974
  2 | 966        0.4974
  2 | 967        0.4974
  2 | 968        0.4974
  2 | 969        0.4974
  2 | 970        0.4974
  2 | 971        0.4974
  2 | 972        0.4974
  2 | 973        0.4974
  2 | 974        0.4974
  2 | 975        0.4974
  2 | 976        0.4974
  2 | 977        0.4974
  2 | 978        0.4974
  2 | 979        0.4974
  2 | 980        0.4974
  2 | 981        0.4974
  2 | 982        0.4974
  2 | 983        0.4974
  2 | 984        0.4974
  2 | 985        0.4974
  2 | 986        0.4974
  2 | 987        0.4974
  2 | 988        0.4974
  2 | 989        0.4974
  2 | 990        0.4974
  2 | 991        0.4974
  2 | 992        0.4974
  2 | 993        0.4974
  2 | 994        0.4974
  2 | 995        0.4974
  2 | 996        0.4974
  2 | 997        0.4974
  2 | 998        0.4974
  2 | 999        0.4974
  2 | 1000       0.4974
  2 | 1001       0.4974
  2 | 1002       0.4974
  2 | 1003       0.4974
  2 | 1004       0.4974
  2 | 1005       0.4974
  2 | 1006       0.4974
  2 | 1007       0.4974
  2 | 1008       0.4974
  2 | 1009       0.4974
  2 | 1010       0.4974
  2 | 1011       0.4974
  2 | 1012       0.4974
  2 | 1013       0.4974
  2 | 1014       0.4974
  2 | 1015       0.4974
  2 | 1016       0.4974
  2 | 1017       0.4974
  2 | 1018       0.4974
  2 | 1019       0.4974
  2 | 1020       0.4974
  2 | 1021       0.4974
  2 | 1022       0.4974
  2 | 1023       0.4974
  2 | 1024       0.4974
  2 | 1025       0.4974
  2 | 1026       0.4974
  2 | 1027       0.4974
  2 | 1028       0.4974
  2 | 1029       0.4974
  2 | 1030       0.4974
  2 | 1031       0.4974
  2 | 1032       0.4974
  2 | 1033       0.4974
  2 | 1034       0.4974
  2 | 1035       0.4974
  2 | 1036       0.4974
  2 | 1037       0.4974
  2 | 1038       0.4974
  2 | 1039       0.4974
  2 | 1040       0.4974
  2 | 1041       0.4974
  2 | 1042       0.4974
  2 | 1043       0.4974
  2 | 1044       0.4974
  2 | 1045       0.4974
  2 | 1046       0.4974
  2 | 1047       0.4974
  2 | 1048       0.4974
  2 | 1049       0.4974
  2 | 1050       0.4974
  2 | 1051       0.4974
  2 | 1052       0.4974
  2 | 1053       0.4974
  2 | 1054       0.4974
  2 | 1055       0.4974
  2 | 1056       0.4974
  2 | 1057       0.2593
  2 | 1058       0.2593
  2 | 1059       0.2593
  2 | 1060       0.2593
  2 | 1061       0.2593
  2 | 1062       0.2593
  2 | 1063       0.2593
  2 | 1064       0.2593
  2 | 1065       0.2593
  2 | 1066       0.2593
  2 | 1067       0.2593
  2 | 1068       0.2593
  2 | 1069       0.2593
  2 | 1070       0.2593
  2 | 1071       0.2593
  2 | 1072       0.2593
  2 | 1073       0.2593
  2 | 1074       0.2593
  2 | 1075       0.2593
  2 | 1076       0.2593
  2 | 1077       0.2593
  2 | 1078       0.2593
  2 | 1079       0.2593
  2 | 1080       0.2593
  2 | 1081       0.2593
  2 | 1082       0.2593
  2 | 1083       0.2593
  2 | 1084       0.2593
  2 | 1085       0.2593
  2 | 1086       0.2593
  2 | 1087       0.2593
  2 | 1088       0.2593
  2 | 1089       0.2593
  2 | 1090       0.2593
  2 | 1091       0.2593
  2 | 1092       0.2593
  2 | 1093       0.2593
  2 | 1094       0.2593
  2 | 1095       0.2593
  2 | 1096       0.2593
  2 | 1097       0.2593
  2 | 1098       0.2593
  2 | 1099       0.2593
  2 | 1100       0.2593
  2 | 1101       0.2593
  2 | 1102       0.2593
  2 | 1103       0.2593
  2 | 1104       0.2593
  2 | 1105       0.2593
  2 | 1106       0.2593
  2 | 1107       0.2593
  2 | 1108       0.2593
  2 | 1109       0.2593
  2 | 1110       0.2593
  2 | 1111       0.2593
  2 | 1112       0.2593
  2 | 1113       0.2593
  2 | 1114       0.2593
  2 | 1115       0.2593
  2 | 1116       0.2593
  2 | 1117       0.2593
  2 | 1118       0.2593
  2 | 1119       0.2593
  2 | 1120       0.2593
  2 | 1121       0.2593
  2 | 1122       0.2593
  2 | 1123       0.2593
  2 | 1124       0.2593
  2 | 1125       0.2593
  2 | 1126       0.2593
  2 | 1127       0.2593
  2 | 1128       0.2593
  2 | 1129       0.2593
  2 | 1130       0.2593
  2 | 1131       0.2593
  2 | 1132       0.2593
  2 | 1133       0.2593
  2 | 1134       0.2593
  2 | 1135       0.2593
  2 | 1136       0.2593
  2 | 1137       0.2593
  2 | 1138       0.2593
  2 | 1139       0.2593
  2 | 1140       0.2593
  2 | 1141       0.2593
  2 | 1142       0.2593
  2 | 1143       0.2593
  2 | 1144       0.2593
  2 | 1145       0.2593
  2 | 1146       0.2593
  2 | 1147       0.2593
  2 | 1148       0.2593
  2 | 1149       0.2593
  2 | 1150       0.2593
  2 | 1151       0.2593
  2 | 1152       0.2593
  2 | 1153       0.2593
  2 | 1154       0.2593
  2 | 1155       0.2593
  2 | 1156       0.2593
  2 | 1157       0.2593
  2 | 1158       0.2593
  2 | 1159       0.2593
  2 | 1160       0.2593
  2 | 1161       0.2593
  2 | 1162       0.2593
  2 | 1163       0.2593
  2 | 1164       0.2593
  2 | 1165       0.2593
  2 | 1166       0.2593
  2 | 1167       0.2593
  2 | 1168       0.2593
  2 | 1169       0.1102
  2 | 1170       0.1102
  2 | 1171       0.1102
  2 | 1172       0.1102
  2 | 1173       0.1102
  2 | 1174       0.1102
  2 | 1175       0.1102
  2 | 1176       0.1102
  2 | 1177       0.1102
  2 | 1178       0.1102
  2 | 1179       0.1102
  2 | 1180       0.1102
  2 | 1181       0.1102
  2 | 1182       0.1102
  2 | 1183       0.1102
  2 | 1184       0.1102
  2 | 1185       0.1102
  2 | 1186       0.1102
  2 | 1187       0.1102
  2 | 1188       0.1102
  2 | 1189       0.1102
  2 | 1190       0.1102
  2 | 1191       0.1102
  2 | 1192       0.1102
  2 | 1193       0.1102
  2 | 1194       0.1102
  2 | 1195       0.1102
  2 | 1196       0.1102
  2 | 1197       0.1102
  2 | 1198       0.1102
  2 | 1199       0.1102
  2 | 1200       0.1102
  2 | 1201       0.1102
  2 | 1202       0.1102
  2 | 1203       0.1102
  2 | 1204       0.1102
  2 | 1205       0.1102
  2 | 1206       0.1102
  2 | 1207       0.1102
  2 | 1208       0.1102
  2 | 1209       0.1102
  2 | 1210       0.1102
  2 | 1211       0.1102
  2 | 1212       0.1102
  2 | 1213       0.1102
  2 | 1214       0.1102
  2 | 1215       0.1102
  2 | 1216       0.1102
  2 | 1217       0.1102
  2 | 1218       0.1102
  2 | 1219       0.1102
  2 | 1220       0.1102
  2 | 1221       0.1102
  2 | 1222       0.1102
  2 | 1223       0.1102
  2 | 1224       0.1102
  2 | 1225       0.1102
  2 | 1226       0.1102
  2 | 1227       0.1102
  2 | 1228       0.1102
  2 | 1229       0.1102
  2 | 1230       0.1102
  2 | 1231       0.1102
  2 | 1232       0.1102
  2 | 1233       0.1102
  2 | 1234       0.1102
  2 | 1235       0.1102
  2 | 1236       0.1102
  2 | 1237       0.1102
  2 | 1238       0.1102
  2 | 1239       0.1102
  2 | 1240       0.1102
  2 | 1241       0.1102

* P(A|X) *

  1 | 1          0.0771
  2 | 1          0.9229
  1 | 2          0.7210
  2 | 2          0.2790

* P(B|X) *

  1 | 1          0.0771
  2 | 1          0.9229
  1 | 2          0.7210
  2 | 2          0.2790


