LEM: log-linear and event history analysis with missing data.
Developed by Jeroen Vermunt (c), Tilburg University, The Netherlands.
Version 1.0 (September 18, 1997).


*** INPUT ***

  lat 1
man 3

dim 2 2 2 7
lab X A B x
mod X|x 
                 A|X
                 B|X
rec 1241

dum 1 1 1 1
dat geometry.dat
ite 10000
see 409



*** STATISTICS ***

  Number of iterations = 341
  Converge criterion   = 0.0000009942
  Seed random values   = 409

  X-squared            = 12.3563 (0.2619)
  L-squared            = 12.2082 (0.2714)
  Cressie-Read         = 12.2903 (0.2661)
  Dissimilarity index  = 0.0323
  Degrees of freedom   = 10
  Log-likelihood       = -3812.81270
  Number of parameters = 11 (+7)
  Sample size          = 1241.0
  BIC(L-squared)       = -59.0285
  AIC(L-squared)       = -7.7918
  BIC(log-likelihood)  = 7703.9858
  AIC(log-likelihood)  = 7647.6254

  Eigenvalues information matrix
     245.0065   177.8176    61.3335    36.3293    30.4549    16.2928
      11.4653     6.7409     0.9031     0.0084    -0.0000

WARNING: 2 (nearly) boundary or non-identified (log-linear) parameters



*** FREQUENCIES ***

  A B x     observed  estimated  std. res.
  1 1 1      61.000     51.971      1.252
  1 1 2      92.000     94.539     -0.261
  1 1 3     107.000    108.365     -0.131
  1 1 4      75.000     78.432     -0.388
  1 1 5      56.000     59.588     -0.465
  1 1 6      28.000     28.451     -0.085
  1 1 7       5.000      4.313      0.331
  1 2 1      24.000     27.419     -0.653
  1 2 2      50.000     49.886      0.016
  1 2 3      60.000     57.218      0.368
  1 2 4      44.000     41.509      0.387
  1 2 5      30.000     31.652     -0.294
  1 2 6      17.000     15.234      0.452
  1 2 7       2.000      2.423     -0.272
  2 1 1       9.000     13.492     -1.223
  2 1 2      28.000     25.265      0.544
  2 1 3      30.000     31.747     -0.310
  2 1 4      32.000     30.442      0.282
  2 1 5      44.000     32.109      2.098
  2 1 6      20.000     24.723     -0.950
  2 1 7       9.000     12.564     -1.005
  2 2 1       6.000      7.118     -0.419
  2 2 2      17.000     17.311     -0.075
  2 2 3      37.000     36.670      0.055
  2 2 4      71.000     71.617     -0.073
  2 2 5     102.000    108.651     -0.638
  2 2 6     112.000    108.592      0.327
  2 2 7      73.000     69.700      0.395



*** PSEUDO R-SQUARED MEASURES ***

* P(X|x) *
                         baseline   fitted   R-squared
  entropy                 0.6412    0.4359    0.3202
  qualitative variance    0.2245    0.1445    0.3564
  classification error    0.3402    0.2250    0.3387
  -2/N*log-likelihood     1.2824    0.8717    0.3202/0.2911
  likelihood^(-2/N)       3.6053    2.3910    0.3368/0.4661

* P(A|X) *
                         baseline   fitted   R-squared
  entropy                 0.6919    0.3413    0.5068
  qualitative variance    0.2494    0.1087    0.5640
  classification error    0.4754    0.1368    0.7123
  -2/N*log-likelihood     1.3839    0.6825    0.5068/0.4122
  likelihood^(-2/N)       3.9903    1.9789    0.5041/0.6727

* P(B|X) *
                         baseline   fitted   R-squared
  entropy                 0.6924    0.5643    0.1849
  qualitative variance    0.2496    0.1907    0.2362
  classification error    0.4803    0.2762    0.4249
  -2/N*log-likelihood     1.3847    1.1287    0.1849/0.2039
  likelihood^(-2/N)       3.9938    3.0915    0.2259/0.3014



*** LOG-LINEAR PARAMETERS ***

* TABLE Xx [or P(X|x)] *

  effect           beta  std err  z-value   exp(beta)     Wald  df  prob
  X 
   1             0.0000                        1.0000 
   2           -67.2875   0.4109 -163.772  5.99E-0030 26821.30   1 0.000
  Xx 
   1 1           0.0000                        1.0000 
   1 2           0.0000                        1.0000 
   1 3           0.0000                        1.0000 
   1 4           0.0000                        1.0000 
   1 5           0.0000                        1.0000 
   1 6           0.0000                        1.0000 
   1 7           0.0000                        1.0000 
   2 1           0.0000                        1.0000 
   2 2          63.7128   1.2108   52.621  4.68E+0027 
   2 3          65.1865   0.5228  124.677  2.04E+0028 
   2 4          66.5356   0.4469  148.877  7.87E+0028 
   2 5          67.3120   0.4406  152.766  1.71E+0029 
   2 6          68.0930   0.4483  151.886  3.74E+0029 
   2 7          69.5691   ******    *****  1.63E+0030 25548.55   6 0.000

* TABLE XA [or P(A|X)] *

  effect           beta  std err  z-value   exp(beta)     Wald  df  prob
  A 
   1             0.0000                        1.0000 
   2            -1.3486   0.1459   -9.241      0.2596    85.39   1 0.000
  XA 
   1 1           0.0000                        1.0000 
   1 2           0.0000                        1.0000 
   2 1           0.0000                        1.0000 
   2 2           7.4034   ******    *****  1.64E+0003     0.00   1 1.000

* TABLE XB [or P(B|X)] *

  effect           beta  std err  z-value   exp(beta)     Wald  df  prob
  B 
   1             0.0000                        1.0000 
   2            -0.6395   0.0807   -7.926      0.5276    62.82   1 0.000
  XB 
   1 1           0.0000                        1.0000 
   1 2           0.0000                        1.0000 
   2 1           0.0000                        1.0000 
   2 2           2.4371   0.2378   10.250     11.4402   105.07   1 0.000



*** (CONDITIONAL) PROBABILITIES ***

* P(X|x) *

  1 | 1          1.0000  (0.0000) *
  1 | 2          0.9727  (0.0307)
  1 | 3          0.8910  (0.0332)
  1 | 4          0.6796  (0.0424)
  1 | 5          0.4939  (0.0453)
  1 | 6          0.3088  (0.0407)
  1 | 7          0.0927  (0.0345)
  2 | 1          0.0000  (0.0000) *
  2 | 2          0.0273  (0.0307)
  2 | 3          0.1090  (0.0332)
  2 | 4          0.3204  (0.0424)
  2 | 5          0.5061  (0.0453)
  2 | 6          0.6912  (0.0407)
  2 | 7          0.9073  (0.0345)

* P(A|X) *

  1 | 1          0.7939  (0.0239)
  2 | 1          0.2061  (0.0239)
  1 | 2          0.0023  (0.0003)
  2 | 2          0.9977  (0.0003)

* P(B|X) *

  1 | 1          0.6546  (0.0182)
  2 | 1          0.3454  (0.0182)
  1 | 2          0.1421  (0.0270)
  2 | 2          0.8579  (0.0270)



*** LATENT CLASS OUTPUT ***

          X  1    X  2
         0.6598  0.3402
  A  1   0.7939  0.0023
  A  2   0.2061  0.9977
  B  1   0.6546  0.1421
  B  2   0.3454  0.8579
  x  1   0.1221  0.0000
  x  2   0.2222  0.0121
  x  3   0.2546  0.0604
  x  4   0.1843  0.1685
  x  5   0.1399  0.2781
  x  6   0.0668  0.2897
  x  7   0.0101  0.1912

E = 0.0660, lambda = 0.8059
