LEM: log-linear and event history analysis with missing data.
Developed by Jeroen Vermunt (c), Tilburg University, The Netherlands.
Version 1.0 (September 18, 1997).


*** INPUT ***

  lat 1
man 3

dim 2 2 2 7
lab X A B x
mod X|x 
                 A|X
                 B|X
rec 1241

dum 1 1 1 1
dat geometry.dat
ite 10000
see 971



*** STATISTICS ***

  Number of iterations = 342
  Converge criterion   = 0.0000009849
  Seed random values   = 971

  X-squared            = 12.3563 (0.2619)
  L-squared            = 12.2082 (0.2714)
  Cressie-Read         = 12.2903 (0.2661)
  Dissimilarity index  = 0.0323
  Degrees of freedom   = 10
  Log-likelihood       = -3812.81269
  Number of parameters = 11 (+7)
  Sample size          = 1241.0
  BIC(L-squared)       = -59.0285
  AIC(L-squared)       = -7.7918
  BIC(log-likelihood)  = 7703.9858
  AIC(log-likelihood)  = 7647.6254

  Eigenvalues information matrix
     383.4035   248.3415    91.5709    36.2655    30.4105    12.2880
       9.3874     6.7148     0.9021     0.0041    -0.0001

WARNING: 2 (nearly) boundary or non-identified (log-linear) parameters



*** FREQUENCIES ***

  A B x     observed  estimated  std. res.
  1 1 1      61.000     51.971      1.252
  1 1 2      92.000     94.539     -0.261
  1 1 3     107.000    108.365     -0.131
  1 1 4      75.000     78.432     -0.388
  1 1 5      56.000     59.588     -0.465
  1 1 6      28.000     28.451     -0.085
  1 1 7       5.000      4.313      0.331
  1 2 1      24.000     27.419     -0.653
  1 2 2      50.000     49.886      0.016
  1 2 3      60.000     57.218      0.368
  1 2 4      44.000     41.509      0.387
  1 2 5      30.000     31.652     -0.294
  1 2 6      17.000     15.234      0.452
  1 2 7       2.000      2.423     -0.272
  2 1 1       9.000     13.492     -1.223
  2 1 2      28.000     25.265      0.544
  2 1 3      30.000     31.747     -0.310
  2 1 4      32.000     30.442      0.282
  2 1 5      44.000     32.109      2.098
  2 1 6      20.000     24.723     -0.950
  2 1 7       9.000     12.564     -1.005
  2 2 1       6.000      7.118     -0.419
  2 2 2      17.000     17.311     -0.075
  2 2 3      37.000     36.670      0.055
  2 2 4      71.000     71.617     -0.073
  2 2 5     102.000    108.651     -0.638
  2 2 6     112.000    108.592      0.327
  2 2 7      73.000     69.700      0.395



*** PSEUDO R-SQUARED MEASURES ***

* P(X|x) *
                         baseline   fitted   R-squared
  entropy                 0.6412    0.4359    0.3202
  qualitative variance    0.2245    0.1445    0.3564
  classification error    0.3402    0.2250    0.3387
  -2/N*log-likelihood     1.2824    0.8717    0.3202/0.2911
  likelihood^(-2/N)       3.6053    2.3910    0.3368/0.4661

* P(A|X) *
                         baseline   fitted   R-squared
  entropy                 0.6919    0.3413    0.5068
  qualitative variance    0.2494    0.1087    0.5640
  classification error    0.4754    0.1368    0.7123
  -2/N*log-likelihood     1.3839    0.6825    0.5068/0.4122
  likelihood^(-2/N)       3.9903    1.9789    0.5041/0.6727

* P(B|X) *
                         baseline   fitted   R-squared
  entropy                 0.6924    0.5643    0.1849
  qualitative variance    0.2496    0.1907    0.2362
  classification error    0.4803    0.2762    0.4249
  -2/N*log-likelihood     1.3847    1.1287    0.1849/0.2039
  likelihood^(-2/N)       3.9938    3.0915    0.2259/0.3014



*** LOG-LINEAR PARAMETERS ***

* TABLE Xx [or P(X|x)] *

  effect           beta  std err  z-value   exp(beta)     Wald  df  prob
  X 
   1             0.0000                        1.0000 
   2            67.3898   0.4108  164.043  1.85E+0029 26909.99   1 0.000
  Xx 
   1 1           0.0000                        1.0000 
   1 2          -0.0000                        1.0000 
   1 3           0.0000                        1.0000 
   1 4           0.0000                        1.0000 
   1 5          -0.0000                        1.0000 
   1 6          -0.0000                        1.0000 
   1 7          -0.0000                        1.0000 
   2 1          -0.0000                        1.0000 
   2 2         -63.8151   1.2113  -52.684  1.93E-0028 
   2 3         -65.2888   0.5229 -124.867  4.42E-0029 
   2 4         -66.6379   0.4469 -149.119  1.14E-0029 
   2 5         -67.4143   0.4406 -153.015  5.28E-0030 
   2 6         -68.1954   0.4483 -152.133  2.42E-0030 
   2 7         -69.6714   ******    *****  5.52E-0031 25632.34   6 0.000

* TABLE XA [or P(A|X)] *

  effect           beta  std err  z-value   exp(beta)     Wald  df  prob
  A 
   1             0.0000                        1.0000 
   2             6.0554   0.1460   41.485    426.4037  1720.98   1 0.000
  XA 
   1 1           0.0000                        1.0000 
   1 2           0.0000                        1.0000 
   2 1           0.0000                        1.0000 
   2 2          -7.4040   ******    *****  6.09E-0004     0.00   1 1.000

* TABLE XB [or P(B|X)] *

  effect           beta  std err  z-value   exp(beta)     Wald  df  prob
  B 
   1             0.0000                        1.0000 
   2             1.7977   0.2213    8.124      6.0356    66.00   1 0.000
  XB 
   1 1           0.0000                        1.0000 
   1 2           0.0000                        1.0000 
   2 1           0.0000                        1.0000 
   2 2          -2.4371   0.2378  -10.250      0.0874   105.06   1 0.000



*** (CONDITIONAL) PROBABILITIES ***

* P(X|x) *

  1 | 1          0.0000  (0.0000) *
  1 | 2          0.0273  (0.0307)
  1 | 3          0.1090  (0.0333)
  1 | 4          0.3204  (0.0424)
  1 | 5          0.5061  (0.0453)
  1 | 6          0.6912  (0.0407)
  1 | 7          0.9073  (0.0345)
  2 | 1          1.0000  (0.0000) *
  2 | 2          0.9727  (0.0307)
  2 | 3          0.8910  (0.0333)
  2 | 4          0.6796  (0.0424)
  2 | 5          0.4939  (0.0453)
  2 | 6          0.3088  (0.0407)
  2 | 7          0.0927  (0.0345)

* P(A|X) *

  1 | 1          0.0023  (0.0003)
  2 | 1          0.9977  (0.0003)
  1 | 2          0.7939  (0.0239)
  2 | 2          0.2061  (0.0239)

* P(B|X) *

  1 | 1          0.1421  (0.0270)
  2 | 1          0.8579  (0.0270)
  1 | 2          0.6546  (0.0182)
  2 | 2          0.3454  (0.0182)



*** LATENT CLASS OUTPUT ***

          X  1    X  2
         0.3402  0.6598
  A  1   0.0023  0.7939
  A  2   0.9977  0.2061
  B  1   0.1421  0.6546
  B  2   0.8579  0.3454
  x  1   0.0000  0.1221
  x  2   0.0121  0.2222
  x  3   0.0604  0.2546
  x  4   0.1685  0.1843
  x  5   0.2781  0.1399
  x  6   0.2897  0.0668
  x  7   0.1912  0.0101

E = 0.0660, lambda = 0.8059
